*INFO:werkzeug: * Running on http://127.0.0.1:5000/ (Press CTRL+C to quit)
ERROR:app:Exception on / [GET]
Traceback (most recent call last):
  File "/home/vinay/anaconda3/envs/fsproject/lib/python3.9/site-packages/flask/app.py", line 2447, in wsgi_app
    response = self.full_dispatch_request()
  File "/home/vinay/anaconda3/envs/fsproject/lib/python3.9/site-packages/flask/app.py", line 1952, in full_dispatch_request
    rv = self.handle_user_exception(e)
  File "/home/vinay/anaconda3/envs/fsproject/lib/python3.9/site-packages/flask/app.py", line 1821, in handle_user_exception
    reraise(exc_type, exc_value, tb)
  File "/home/vinay/anaconda3/envs/fsproject/lib/python3.9/site-packages/flask/_compat.py", line 39, in reraise
    raise value
  File "/home/vinay/anaconda3/envs/fsproject/lib/python3.9/site-packages/flask/app.py", line 1950, in full_dispatch_request
    rv = self.dispatch_request()
  File "/home/vinay/anaconda3/envs/fsproject/lib/python3.9/site-packages/flask/app.py", line 1936, in dispatch_request
    return self.view_functions[rule.endpoint](**req.view_args)
  File "/home/vinay/fsproject/app/routes.py", line 23, in index
    return render_template('index.html')
  File "/home/vinay/anaconda3/envs/fsproject/lib/python3.9/site-packages/flask/templating.py", line 136, in render_template
    ctx.app.update_template_context(context)
  File "/home/vinay/anaconda3/envs/fsproject/lib/python3.9/site-packages/flask/app.py", line 838, in update_template_context
    context.update(func())
  File "/home/vinay/anaconda3/envs/fsproject/lib/python3.9/site-packages/flask_login/utils.py", line 379, in _user_context_processor
    return dict(current_user=_get_user())
  File "/home/vinay/anaconda3/envs/fsproject/lib/python3.9/site-packages/flask_login/utils.py", line 346, in _get_user
    current_app.login_manager._load_user()
  File "/home/vinay/anaconda3/envs/fsproject/lib/python3.9/site-packages/flask_login/login_manager.py", line 302, in _load_user
    raise Exception(
Exception: Missing user_loader or request_loader. Refer to http://flask-login.readthedocs.io/#how-it-works for more info.
INFO:werkzeug:127.0.0.1 - - [04/May/2021 18:25:32] "[35m[1mGET / HTTP/1.1[0m" 500 -
INFO:werkzeug:127.0.0.1 - - [04/May/2021 18:25:32] "[33mGET /favicon.ico HTTP/1.1[0m" 404 -
INFO:werkzeug: * Running on http://127.0.0.1:5000/ (Press CTRL+C to quit)
